<?xml version="1.0" encoding="utf-8"?><testsuites name="pytest tests"><testsuite name="pytest" errors="0" failures="0" skipped="0" tests="15" time="9.852" timestamp="2026-03-16T17:05:45.878275+00:00" hostname="agent-env-cf1c2d72-14b8-4b6c-bbc4-c968685b49c5"><testcase classname="backend.tests.test_login_auth.TestAdminLogin" name="test_admin_login_with_correct_credentials" time="2.156" /><testcase classname="backend.tests.test_login_auth.TestAdminLogin" name="test_admin_login_with_wrong_password" time="0.855" /><testcase classname="backend.tests.test_login_auth.TestAdminLogin" name="test_admin_login_without_password" time="0.650" /><testcase classname="backend.tests.test_login_auth.TestSendOtp" name="test_send_otp_to_registered_phone" time="0.832" /><testcase classname="backend.tests.test_login_auth.TestSendOtp" name="test_send_otp_to_unregistered_phone" time="0.622" /><testcase classname="backend.tests.test_login_auth.TestCustomerLogin" name="test_customer_login_without_password_or_otp" time="0.419" /><testcase classname="backend.tests.test_login_auth.TestCustomerLogin" name="test_customer_login_with_wrong_password" time="0.763" /><testcase classname="backend.tests.test_login_auth.TestCustomerLogin" name="test_customer_login_with_invalid_otp" time="0.737" /><testcase classname="backend.tests.test_login_auth.TestOtpLoginFlow" name="test_full_otp_login_flow" time="1.125" /><testcase classname="backend.tests.test_login_auth.TestCheckCustomer" name="test_check_customer_endpoint" time="0.369" /><testcase classname="backend.tests.test_login_auth.TestSetPassword" name="test_set_password_mismatched" time="0.141" /><testcase classname="backend.tests.test_login_auth.TestSetPassword" name="test_set_password_too_short" time="0.179" /><testcase classname="backend.tests.test_login_auth.TestResetPassword" name="test_reset_password_mismatched" time="0.132" /><testcase classname="backend.tests.test_login_auth.TestResetPassword" name="test_reset_password_invalid_otp" time="0.135" /><testcase classname="backend.tests.test_login_auth.TestNonExistentUser" name="test_login_nonexistent_user" time="0.624" /></testsuite></testsuites>