<?xml version="1.0" encoding="utf-8"?><testsuites name="pytest tests"><testsuite name="pytest" errors="0" failures="0" skipped="0" tests="12" time="2.796" timestamp="2026-03-05T14:02:04.431020+00:00" hostname="agent-env-84489e6a-7014-4f9c-bf98-e9007634d587"><testcase classname="tests.test_social_media_fields.TestPutConfigNewFields" name="test_put_config_accepts_phone_field" time="0.543" /><testcase classname="tests.test_social_media_fields.TestPutConfigNewFields" name="test_put_config_accepts_facebook_url" time="0.147" /><testcase classname="tests.test_social_media_fields.TestPutConfigNewFields" name="test_put_config_accepts_twitter_url" time="0.158" /><testcase classname="tests.test_social_media_fields.TestPutConfigNewFields" name="test_put_config_accepts_youtube_url" time="0.106" /><testcase classname="tests.test_social_media_fields.TestPutConfigNewFields" name="test_put_config_accepts_whatsapp_number" time="0.119" /><testcase classname="tests.test_social_media_fields.TestPutConfigNewFields" name="test_put_config_all_social_fields_together" time="0.112" /><testcase classname="tests.test_social_media_fields.TestGetConfigNewFields" name="test_get_config_returns_phone_field" time="0.379" /><testcase classname="tests.test_social_media_fields.TestGetConfigNewFields" name="test_get_config_returns_facebook_url" time="0.254" /><testcase classname="tests.test_social_media_fields.TestGetConfigNewFields" name="test_get_config_returns_twitter_url" time="0.249" /><testcase classname="tests.test_social_media_fields.TestGetConfigNewFields" name="test_get_config_returns_youtube_url" time="0.271" /><testcase classname="tests.test_social_media_fields.TestGetConfigNewFields" name="test_get_config_returns_whatsapp_number" time="0.249" /><testcase classname="tests.test_social_media_fields.TestGetConfigDefaultValues" name="test_get_config_defaults_include_new_fields" time="0.132" /></testsuite></testsuites>