<?xml version="1.0" encoding="utf-8"?><testsuites name="pytest tests"><testsuite name="pytest" errors="0" failures="0" skipped="0" tests="12" time="2.125" timestamp="2026-03-05T14:39:04.296626+00:00" hostname="agent-env-84489e6a-7014-4f9c-bf98-e9007634d587"><testcase classname="backend.tests.test_content_tab.TestContentTabBackend" name="test_create_custom_page" time="0.687" /><testcase classname="backend.tests.test_content_tab.TestContentTabBackend" name="test_update_custom_page" time="0.118" /><testcase classname="backend.tests.test_content_tab.TestContentTabBackend" name="test_update_nonexistent_page" time="0.117" /><testcase classname="backend.tests.test_content_tab.TestContentTabBackend" name="test_delete_custom_page" time="0.114" /><testcase classname="backend.tests.test_content_tab.TestContentTabBackend" name="test_delete_nonexistent_page" time="0.161" /><testcase classname="backend.tests.test_content_tab.TestContentTabBackend" name="test_update_about_us_content" time="0.110" /><testcase classname="backend.tests.test_content_tab.TestContentTabBackend" name="test_update_footer_content" time="0.120" /><testcase classname="backend.tests.test_content_tab.TestContentTabBackend" name="test_update_nav_menu_order" time="0.118" /><testcase classname="backend.tests.test_content_tab.TestContentTabBackend" name="test_update_all_content_fields" time="0.114" /><testcase classname="backend.tests.test_content_tab.TestContentTabBackend" name="test_create_page_without_auth" time="0.105" /><testcase classname="backend.tests.test_content_tab.TestContentTabBackend" name="test_update_config_without_auth" time="0.103" /><testcase classname="backend.tests.test_content_tab.TestConfigGet" name="test_get_config_returns_defaults_for_content_fields" time="0.148" /></testsuite></testsuites>