<?xml version="1.0" encoding="utf-8"?><testsuites name="pytest tests"><testsuite name="pytest" errors="0" failures="0" skipped="0" tests="9" time="13.314" timestamp="2026-03-16T09:49:55.949393+00:00" hostname="agent-env-cf1c2d72-14b8-4b6c-bbc4-c968685b49c5"><testcase classname="backend.tests.test_timing_controls.TestConfigTimingFields" name="test_config_endpoint_returns_200" time="0.367" /><testcase classname="backend.tests.test_timing_controls.TestConfigTimingFields" name="test_new_restaurant_has_default_timing_fields" time="0.334" /><testcase classname="backend.tests.test_timing_controls.TestConfigTimingFields" name="test_existing_restaurant_has_timing_fields_in_response" time="0.336" /><testcase classname="backend.tests.test_timing_controls.TestAdminAuth" name="test_admin_login_with_email_password" time="0.799" /><testcase classname="backend.tests.test_timing_controls.TestConfigUpdate" name="test_update_restaurant_open_toggle" time="2.787" /><testcase classname="backend.tests.test_timing_controls.TestConfigUpdate" name="test_update_restaurant_shifts" time="2.740" /><testcase classname="backend.tests.test_timing_controls.TestConfigUpdate" name="test_update_category_timings" time="2.744" /><testcase classname="backend.tests.test_timing_controls.TestConfigUpdate" name="test_update_item_timings" time="2.822" /><testcase classname="backend.tests.test_timing_controls.TestMultiMenuRestaurant" name="test_multi_menu_config_accessible" time="0.331" /></testsuite></testsuites>