<?xml version="1.0" encoding="utf-8"?><testsuites name="pytest tests"><testsuite name="pytest" errors="0" failures="0" skipped="0" tests="5" time="1.625" timestamp="2026-03-05T13:44:03.536673+00:00" hostname="agent-env-84489e6a-7014-4f9c-bf98-e9007634d587"><testcase classname="backend.tests.test_banner_edit.TestBannerEditEndpoint" name="test_put_endpoint_requires_auth" time="0.280" /><testcase classname="backend.tests.test_banner_edit.TestBannerEditEndpoint" name="test_put_nonexistent_banner_returns_404" time="0.520" /><testcase classname="backend.tests.test_banner_edit.TestBannerEditEndpoint" name="test_put_empty_body_returns_400" time="0.064" /><testcase classname="backend.tests.test_banner_edit.TestBannerEditFlow" name="test_create_edit_delete_banner_flow" time="0.532" /><testcase classname="backend.tests.test_banner_edit.TestExistingBannerEdit" name="test_get_existing_banners" time="0.169" /></testsuite></testsuites>