<?xml version="1.0" encoding="utf-8"?><testsuites name="pytest tests"><testsuite name="pytest" errors="0" failures="0" skipped="0" tests="21" time="7.842" timestamp="2026-09-15T03:30:35.066242+00:00" hostname="agent-env-d36923a0-35c9-4c4d-95ec-2c9d0886305d"><testcase classname="tests.smoke.test_auth_flows" name="test_smoke_admin_login_jwt" time="2.168" /><testcase classname="tests.contracts.test_public_config" name="test_api_root" time="0.045" /><testcase classname="tests.contracts.test_public_config" name="test_healthz" time="0.277" /><testcase classname="tests.contracts.test_public_config" name="test_config_478" time="0.478" /><testcase classname="tests.contracts.test_public_config" name="test_config_716" time="0.279" /><testcase classname="tests.contracts.test_public_config" name="test_config_nonexistent_defaults" time="0.279" /><testcase classname="tests.contracts.test_public_config" name="test_loyalty_settings_478" time="0.281" /><testcase classname="tests.contracts.test_public_config" name="test_customer_lookup_478" time="0.279" /><testcase classname="tests.contracts.test_public_config" name="test_config_feedback_478" time="2.406" /><testcase classname="tests.contracts.test_public_config" name="test_status_list" time="0.277" /><testcase classname="tests.smoke.test_auth_flows" name="test_smoke_auth_me" time="2.452" /><testcase classname="tests.contracts.test_dietary" name="test_dietary_tags_available" time="0.043" /><testcase classname="tests.smoke.test_auth_flows" name="test_smoke_pos_auth_token" time="1.089" /><testcase classname="tests.contracts.test_dietary" name="test_dietary_tags_478" time="0.278" /><testcase classname="tests.contracts.test_utility" name="test_table_config_requires_auth" time="0.043" /><testcase classname="tests.contracts.test_utility" name="test_docs_bug_tracker" time="0.043" /><testcase classname="tests.contracts.test_upload_serve" name="test_upload_serve_content_type" time="0.321" /><testcase classname="tests.smoke.test_config_and_upload" name="test_smoke_config_put_get_round_trip" time="2.064" /><testcase classname="tests.smoke.test_auth_flows" name="test_smoke_auth_me_no_token" time="0.043" /><testcase classname="tests.smoke.test_auth_flows" name="test_smoke_auth_me_bad_token" time="0.043" /><testcase classname="tests.smoke.test_auth_flows" name="test_smoke_upload_round_trip" time="0.321" /></testsuite></testsuites>