<?xml version="1.0" encoding="utf-8"?><testsuites name="pytest tests"><testsuite name="pytest" errors="0" failures="0" skipped="0" tests="18" time="2.292" timestamp="2026-03-05T11:13:24.063658+00:00" hostname="agent-env-5eea93f4-1094-4e87-be87-226003dcca9d"><testcase classname="backend.tests.test_config_api.TestConfigAPIExistingRestaurant" name="test_get_config_returns_200" time="0.235" /><testcase classname="backend.tests.test_config_api.TestConfigAPIExistingRestaurant" name="test_config_has_restaurant_id" time="0.136" /><testcase classname="backend.tests.test_config_api.TestConfigAPIExistingRestaurant" name="test_config_has_all_27_plus_fields" time="0.129" /><testcase classname="backend.tests.test_config_api.TestConfigAPIExistingRestaurant" name="test_config_landing_page_visibility_fields" time="0.119" /><testcase classname="backend.tests.test_config_api.TestConfigAPIExistingRestaurant" name="test_config_menu_page_visibility_fields" time="0.099" /><testcase classname="backend.tests.test_config_api.TestConfigAPIExistingRestaurant" name="test_config_order_page_visibility_fields" time="0.145" /><testcase classname="backend.tests.test_config_api.TestConfigAPIExistingRestaurant" name="test_config_branding_fields" time="0.110" /><testcase classname="backend.tests.test_config_api.TestConfigAPIExistingRestaurant" name="test_config_has_banners" time="0.138" /><testcase classname="backend.tests.test_config_api.TestConfigAPIExistingRestaurant" name="test_banner_structure" time="0.102" /><testcase classname="backend.tests.test_config_api.TestConfigAPIDefaultsRestaurant" name="test_get_config_defaults_returns_200" time="0.142" /><testcase classname="backend.tests.test_config_api.TestConfigAPIDefaultsRestaurant" name="test_defaults_has_correct_restaurant_id" time="0.101" /><testcase classname="backend.tests.test_config_api.TestConfigAPIDefaultsRestaurant" name="test_defaults_has_all_27_plus_fields" time="0.094" /><testcase classname="backend.tests.test_config_api.TestConfigAPIDefaultsRestaurant" name="test_defaults_all_visibility_toggles_true" time="0.112" /><testcase classname="backend.tests.test_config_api.TestConfigAPIDefaultsRestaurant" name="test_defaults_has_default_primary_color" time="0.102" /><testcase classname="backend.tests.test_config_api.TestConfigAPIDefaultsRestaurant" name="test_defaults_has_default_welcome_message" time="0.104" /><testcase classname="backend.tests.test_config_api.TestConfigAPIDefaultsRestaurant" name="test_defaults_has_empty_banners" time="0.112" /><testcase classname="backend.tests.test_config_api.TestConfigAPIDefaultsRestaurant" name="test_defaults_branding_nullable_fields" time="0.137" /><testcase classname="backend.tests.test_config_api.TestConfigAPIPutUpdate" name="test_put_endpoint_exists" time="0.105" /></testsuite></testsuites>