<?xml version="1.0" encoding="utf-8"?><testsuites name="pytest tests"><testsuite name="pytest" errors="0" failures="0" skipped="0" tests="16" time="3.146" timestamp="2026-03-05T15:01:22.759653+00:00" hostname="agent-env-84489e6a-7014-4f9c-bf98-e9007634d587"><testcase classname="backend.tests.test_default_pages.TestConfigDefaultPages" name="test_config_478_has_about_us_content" time="0.185" /><testcase classname="backend.tests.test_default_pages.TestConfigDefaultPages" name="test_config_478_has_about_us_image" time="0.204" /><testcase classname="backend.tests.test_default_pages.TestConfigDefaultPages" name="test_config_478_has_opening_hours" time="0.146" /><testcase classname="backend.tests.test_default_pages.TestConfigDefaultPages" name="test_config_478_has_nav_menu_order_with_5_items" time="0.124" /><testcase classname="backend.tests.test_default_pages.TestConfigDefaultPages" name="test_config_478_has_feedback_enabled" time="0.109" /><testcase classname="backend.tests.test_default_pages.TestConfigDefaultPages" name="test_config_478_has_social_links" time="0.106" /><testcase classname="backend.tests.test_default_pages.TestConfigDefaultPages" name="test_config_689_kunafa_mahal_has_seeded_defaults" time="0.131" /><testcase classname="backend.tests.test_default_pages.TestConfigDefaultPages" name="test_config_new_restaurant_returns_defaults" time="0.113" /><testcase classname="backend.tests.test_default_pages.TestFeedbackAPI" name="test_submit_feedback_success" time="0.124" /><testcase classname="backend.tests.test_default_pages.TestFeedbackAPI" name="test_submit_feedback_without_email" time="0.140" /><testcase classname="backend.tests.test_default_pages.TestFeedbackAPI" name="test_submit_feedback_missing_required_fields" time="0.113" /><testcase classname="backend.tests.test_default_pages.TestFeedbackAPI" name="test_submit_feedback_invalid_rating" time="0.111" /><testcase classname="backend.tests.test_default_pages.TestFeedbackAPI" name="test_submit_feedback_for_different_restaurant" time="0.119" /><testcase classname="backend.tests.test_default_pages.TestAdminContactAndFeedbackSettings" name="test_update_contact_fields" time="0.432" /><testcase classname="backend.tests.test_default_pages.TestAdminContactAndFeedbackSettings" name="test_update_feedback_settings" time="0.457" /><testcase classname="backend.tests.test_default_pages.TestAdminContactAndFeedbackSettings" name="test_verify_updated_config_persists" time="0.453" /></testsuite></testsuites>