<?xml version="1.0" encoding="utf-8"?><testsuites name="pytest tests"><testsuite name="pytest" errors="0" failures="0" skipped="0" tests="9" time="2.265" timestamp="2026-03-05T13:30:45.771707+00:00" hostname="agent-env-84489e6a-7014-4f9c-bf98-e9007634d587"><testcase classname="tests.test_upload_api.TestUploadAuth" name="test_upload_requires_auth" time="0.300" /><testcase classname="tests.test_upload_api.TestUploadWithAuth" name="test_upload_valid_image_png" time="0.479" /><testcase classname="tests.test_upload_api.TestUploadWithAuth" name="test_upload_valid_image_jpg" time="0.124" /><testcase classname="tests.test_upload_api.TestUploadWithAuth" name="test_upload_reject_invalid_extension_txt" time="0.158" /><testcase classname="tests.test_upload_api.TestUploadWithAuth" name="test_upload_reject_invalid_extension_pdf" time="0.141" /><testcase classname="tests.test_upload_api.TestUploadWithAuth" name="test_upload_and_access_file" time="0.249" /><testcase classname="tests.test_upload_api.TestUploadFileTypes" name="test_upload_gif" time="0.468" /><testcase classname="tests.test_upload_api.TestUploadFileTypes" name="test_upload_webp" time="0.121" /><testcase classname="tests.test_upload_api.TestUploadFileTypes" name="test_upload_svg" time="0.109" /></testsuite></testsuites>